<?xml version="1.0" encoding="UTF-8"?>
<testsuite name="SILab2Test" tests="2" skipped="0" failures="0" errors="0" timestamp="2023-05-24T12:57:28" hostname="DESKTOP-7KHVLOD" time="0.014">
  <properties/>
  <testcase name="MultipleConditionTest()" classname="SILab2Test" time="0.013"/>
  <testcase name="EveryBranchTest()" classname="SILab2Test" time="0.001"/>
  <system-out><![CDATA[]]></system-out>
  <system-err><![CDATA[]]></system-err>
</testsuite>
